This is pdfTeX, Version 3.14159265-2.6-1.40.17 (TeX Live 2016) (preloaded format=pdflatex 2016.5.22)  6 APR 2017 16:27
entering extended mode
 restricted \write18 enabled.
 file:line:error style messages enabled.
 %&-line parsing enabled.
**ComLetter.tex
(./ComLetter.tex
LaTeX2e <2016/03/31>
Babel <3.9r> and hyphenation patterns for 83 language(s) loaded.
(./IEEEtran.cls
Document Class: IEEEtran 2015/08/26 V1.8b by Michael Shell
-- See the "IEEEtran_HOWTO" manual for usage information.
-- http://www.michaelshell.org/tex/ieeetran/
\@IEEEtrantmpdimenA=\dimen102
\@IEEEtrantmpdimenB=\dimen103
\@IEEEtrantmpdimenC=\dimen104
\@IEEEtrantmpcountA=\count79
\@IEEEtrantmpcountB=\count80
\@IEEEtrantmpcountC=\count81
\@IEEEtrantmptoksA=\toks14
LaTeX Font Info:    Try loading font information for OT1+ptm on input line 503.

(/usr/local/texlive/2016/texmf-dist/tex/latex/psnfss/ot1ptm.fd
File: ot1ptm.fd 2001/06/04 font definitions for OT1/ptm.
)
-- Using IEEE Communications Society mode.
-- Using 8.5in x 11in (letter) paper.
-- Using PDF output.
\@IEEEnormalsizeunitybaselineskip=\dimen105
-- This is a 10 point document.
\CLASSINFOnormalsizebaselineskip=\dimen106
\CLASSINFOnormalsizeunitybaselineskip=\dimen107
\IEEEnormaljot=\dimen108
LaTeX Font Info:    Font shape `OT1/ptm/bx/n' in size <5> not available
(Font)              Font shape `OT1/ptm/b/n' tried instead on input line 1090.
LaTeX Font Info:    Font shape `OT1/ptm/bx/it' in size <5> not available
(Font)              Font shape `OT1/ptm/b/it' tried instead on input line 1090.

LaTeX Font Info:    Font shape `OT1/ptm/bx/n' in size <7> not available
(Font)              Font shape `OT1/ptm/b/n' tried instead on input line 1090.
LaTeX Font Info:    Font shape `OT1/ptm/bx/it' in size <7> not available
(Font)              Font shape `OT1/ptm/b/it' tried instead on input line 1090.

LaTeX Font Info:    Font shape `OT1/ptm/bx/n' in size <8> not available
(Font)              Font shape `OT1/ptm/b/n' tried instead on input line 1090.
LaTeX Font Info:    Font shape `OT1/ptm/bx/it' in size <8> not available
(Font)              Font shape `OT1/ptm/b/it' tried instead on input line 1090.

LaTeX Font Info:    Font shape `OT1/ptm/bx/n' in size <9> not available
(Font)              Font shape `OT1/ptm/b/n' tried instead on input line 1090.
LaTeX Font Info:    Font shape `OT1/ptm/bx/it' in size <9> not available
(Font)              Font shape `OT1/ptm/b/it' tried instead on input line 1090.

LaTeX Font Info:    Font shape `OT1/ptm/bx/n' in size <10> not available
(Font)              Font shape `OT1/ptm/b/n' tried instead on input line 1090.
LaTeX Font Info:    Font shape `OT1/ptm/bx/it' in size <10> not available
(Font)              Font shape `OT1/ptm/b/it' tried instead on input line 1090.

LaTeX Font Info:    Font shape `OT1/ptm/bx/n' in size <11> not available
(Font)              Font shape `OT1/ptm/b/n' tried instead on input line 1090.
LaTeX Font Info:    Font shape `OT1/ptm/bx/it' in size <11> not available
(Font)              Font shape `OT1/ptm/b/it' tried instead on input line 1090.

LaTeX Font Info:    Font shape `OT1/ptm/bx/n' in size <12> not available
(Font)              Font shape `OT1/ptm/b/n' tried instead on input line 1090.
LaTeX Font Info:    Font shape `OT1/ptm/bx/it' in size <12> not available
(Font)              Font shape `OT1/ptm/b/it' tried instead on input line 1090.

LaTeX Font Info:    Font shape `OT1/ptm/bx/n' in size <17> not available
(Font)              Font shape `OT1/ptm/b/n' tried instead on input line 1090.
LaTeX Font Info:    Font shape `OT1/ptm/bx/it' in size <17> not available
(Font)              Font shape `OT1/ptm/b/it' tried instead on input line 1090.

LaTeX Font Info:    Font shape `OT1/ptm/bx/n' in size <20> not available
(Font)              Font shape `OT1/ptm/b/n' tried instead on input line 1090.
LaTeX Font Info:    Font shape `OT1/ptm/bx/it' in size <20> not available
(Font)              Font shape `OT1/ptm/b/it' tried instead on input line 1090.

LaTeX Font Info:    Font shape `OT1/ptm/bx/n' in size <24> not available
(Font)              Font shape `OT1/ptm/b/n' tried instead on input line 1090.
LaTeX Font Info:    Font shape `OT1/ptm/bx/it' in size <24> not available
(Font)              Font shape `OT1/ptm/b/it' tried instead on input line 1090.

\IEEEquantizedlength=\dimen109
\IEEEquantizedlengthdiff=\dimen110
\IEEEquantizedtextheightdiff=\dimen111
\IEEEilabelindentA=\dimen112
\IEEEilabelindentB=\dimen113
\IEEEilabelindent=\dimen114
\IEEEelabelindent=\dimen115
\IEEEdlabelindent=\dimen116
\IEEElabelindent=\dimen117
\IEEEiednormlabelsep=\dimen118
\IEEEiedmathlabelsep=\dimen119
\IEEEiedtopsep=\skip41
\c@section=\count82
\c@subsection=\count83
\c@subsubsection=\count84
\c@paragraph=\count85
\c@IEEEsubequation=\count86
\abovecaptionskip=\skip42
\belowcaptionskip=\skip43
\c@figure=\count87
\c@table=\count88
\@IEEEeqnnumcols=\count89
\@IEEEeqncolcnt=\count90
\@IEEEsubeqnnumrollback=\count91
\@IEEEquantizeheightA=\dimen120
\@IEEEquantizeheightB=\dimen121
\@IEEEquantizeheightC=\dimen122
\@IEEEquantizeprevdepth=\dimen123
\@IEEEquantizemultiple=\count92
\@IEEEquantizeboxA=\box26
\@IEEEtmpitemindent=\dimen124
\IEEEPARstartletwidth=\dimen125
\c@IEEEbiography=\count93
\@IEEEtranrubishbin=\box27
) (/usr/local/texlive/2016/texmf-dist/tex/latex/base/fontenc.sty
Package: fontenc 2005/09/27 v1.99g Standard LaTeX package

(/usr/local/texlive/2016/texmf-dist/tex/latex/base/t1enc.def
File: t1enc.def 2005/09/27 v1.99g Standard LaTeX file
LaTeX Font Info:    Redeclaring font encoding T1 on input line 48.
)
LaTeX Font Info:    Try loading font information for T1+ptm on input line 105.

(/usr/local/texlive/2016/texmf-dist/tex/latex/psnfss/t1ptm.fd
File: t1ptm.fd 2001/06/04 font definitions for T1/ptm.
))
(/usr/local/texlive/2016/texmf-dist/tex/latex/amsmath/amsmath.sty
Package: amsmath 2016/03/10 v2.15b AMS math features
\@mathmargin=\skip44

For additional information on amsmath, use the `?' option.
(/usr/local/texlive/2016/texmf-dist/tex/latex/amsmath/amstext.sty
Package: amstext 2000/06/29 v2.01 AMS text

(/usr/local/texlive/2016/texmf-dist/tex/latex/amsmath/amsgen.sty
File: amsgen.sty 1999/11/30 v2.0 generic functions
\@emptytoks=\toks15
\ex@=\dimen126
))
(/usr/local/texlive/2016/texmf-dist/tex/latex/amsmath/amsbsy.sty
Package: amsbsy 1999/11/29 v1.2d Bold Symbols
\pmbraise@=\dimen127
)
(/usr/local/texlive/2016/texmf-dist/tex/latex/amsmath/amsopn.sty
Package: amsopn 2016/03/08 v2.02 operator names
)
\inf@bad=\count94
LaTeX Info: Redefining \frac on input line 199.
\uproot@=\count95
\leftroot@=\count96
LaTeX Info: Redefining \overline on input line 297.
\classnum@=\count97
\DOTSCASE@=\count98
LaTeX Info: Redefining \ldots on input line 394.
LaTeX Info: Redefining \dots on input line 397.
LaTeX Info: Redefining \cdots on input line 518.
\Mathstrutbox@=\box28
\strutbox@=\box29
\big@size=\dimen128
LaTeX Font Info:    Redeclaring font encoding OML on input line 634.
LaTeX Font Info:    Redeclaring font encoding OMS on input line 635.
\macc@depth=\count99
\c@MaxMatrixCols=\count100
\dotsspace@=\muskip10
\c@parentequation=\count101
\dspbrk@lvl=\count102
\tag@help=\toks16
\row@=\count103
\column@=\count104
\maxfields@=\count105
\andhelp@=\toks17
\eqnshift@=\dimen129
\alignsep@=\dimen130
\tagshift@=\dimen131
\tagwidth@=\dimen132
\totwidth@=\dimen133
\lineht@=\dimen134
\@envbody=\toks18
\multlinegap=\skip45
\multlinetaggap=\skip46
\mathdisplay@stack=\toks19
LaTeX Info: Redefining \[ on input line 2739.
LaTeX Info: Redefining \] on input line 2740.
)
(/usr/local/texlive/2016/texmf-dist/tex/latex/newtx/newtxmath.sty
Package: newtxmath 2016/03/27 v1.466

`newtxmath' v1.466, 2016/03/27 Math macros based on txfonts (msharpe)
(/usr/local/texlive/2016/texmf-dist/tex/generic/ifxetex/ifxetex.sty
Package: ifxetex 2010/09/12 v0.6 Provides ifxetex conditional
)
(/usr/local/texlive/2016/texmf-dist/tex/generic/oberdiek/ifluatex.sty
Package: ifluatex 2016/05/16 v1.4 Provides the ifluatex switch (HO)
Package ifluatex Info: LuaTeX not detected.
)
(/usr/local/texlive/2016/texmf-dist/tex/latex/xkeyval/xkeyval.sty
Package: xkeyval 2014/12/03 v2.7a package option processing (HA)

(/usr/local/texlive/2016/texmf-dist/tex/generic/xkeyval/xkeyval.tex
(/usr/local/texlive/2016/texmf-dist/tex/generic/xkeyval/xkvutils.tex
\XKV@toks=\toks20
\XKV@tempa@toks=\toks21

(/usr/local/texlive/2016/texmf-dist/tex/generic/xkeyval/keyval.tex))
\XKV@depth=\count106
File: xkeyval.tex 2014/12/03 v2.7a key=value parser (HA)
))
(/usr/local/texlive/2016/texmf-dist/tex/generic/kastrup/binhex.tex)
\tx@Isdigit=\count107
LaTeX Font Info:    Redeclaring symbol font `operators' on input line 137.
LaTeX Font Info:    Overwriting symbol font `operators' in version `normal'
(Font)                  OT1/cmr/m/n --> OT1/ntxtlf/m/n on input line 137.
LaTeX Font Info:    Overwriting symbol font `operators' in version `bold'
(Font)                  OT1/cmr/bx/n --> OT1/ntxtlf/m/n on input line 137.
LaTeX Font Info:    Overwriting symbol font `operators' in version `bold'
(Font)                  OT1/ntxtlf/m/n --> OT1/ntxtlf/b/n on input line 138.
LaTeX Font Info:    Redeclaring math alphabet \mathsf on input line 144.
LaTeX Font Info:    Overwriting math alphabet `\mathsf' in version `normal'
(Font)                  OT1/cmss/m/n --> T1/phv/m/n on input line 144.
LaTeX Font Info:    Overwriting math alphabet `\mathsf' in version `bold'
(Font)                  OT1/cmss/bx/n --> T1/phv/m/n on input line 144.
LaTeX Font Info:    Redeclaring math alphabet \mathit on input line 145.
LaTeX Font Info:    Overwriting math alphabet `\mathit' in version `normal'
(Font)                  OT1/cmr/m/it --> OT1/ntxtlf/m/it on input line 145.
LaTeX Font Info:    Overwriting math alphabet `\mathit' in version `bold'
(Font)                  OT1/cmr/bx/it --> OT1/ntxtlf/m/it on input line 145.
LaTeX Font Info:    Redeclaring math alphabet \mathtt on input line 146.
LaTeX Font Info:    Overwriting math alphabet `\mathtt' in version `normal'
(Font)                  OT1/cmtt/m/n --> T1/pcr/m/n on input line 146.
LaTeX Font Info:    Overwriting math alphabet `\mathtt' in version `bold'
(Font)                  OT1/cmtt/m/n --> T1/pcr/m/n on input line 146.
LaTeX Font Info:    Redeclaring math alphabet \mathbf on input line 148.
LaTeX Font Info:    Overwriting math alphabet `\mathbf' in version `normal'
(Font)                  OT1/cmr/bx/n --> OT1/ntxtlf/b/n on input line 148.
LaTeX Font Info:    Overwriting math alphabet `\mathbf' in version `bold'
(Font)                  OT1/cmr/bx/n --> OT1/ntxtlf/b/n on input line 148.
LaTeX Font Info:    Overwriting math alphabet `\mathit' in version `bold'
(Font)                  OT1/ntxtlf/m/it --> OT1/ntxtlf/b/it on input line 149.
LaTeX Font Info:    Overwriting math alphabet `\mathsf' in version `bold'
(Font)                  T1/phv/m/n --> T1/phv/b/n on input line 150.
LaTeX Font Info:    Overwriting math alphabet `\mathtt' in version `bold'
(Font)                  T1/pcr/m/n --> T1/pcr/b/n on input line 151.
LaTeX Font Info:    Redeclaring symbol font `letters' on input line 197.
LaTeX Font Info:    Overwriting symbol font `letters' in version `normal'
(Font)                  OML/cmm/m/it --> OML/ntxmi/m/it on input line 197.
LaTeX Font Info:    Overwriting symbol font `letters' in version `bold'
(Font)                  OML/cmm/b/it --> OML/ntxmi/m/it on input line 197.
LaTeX Font Info:    Overwriting symbol font `letters' in version `bold'
(Font)                  OML/ntxmi/m/it --> OML/ntxmi/b/it on input line 198.
\symlettersA=\mathgroup4
LaTeX Font Info:    Overwriting symbol font `lettersA' in version `bold'
(Font)                  U/ntxmia/m/it --> U/ntxmia/b/it on input line 213.
LaTeX Font Info:    Redeclaring symbol font `symbols' on input line 221.
LaTeX Font Info:    Overwriting symbol font `symbols' in version `normal'
(Font)                  OMS/cmsy/m/n --> OMS/ntxsy/m/n on input line 221.
LaTeX Font Info:    Overwriting symbol font `symbols' in version `bold'
(Font)                  OMS/cmsy/b/n --> OMS/ntxsy/m/n on input line 221.
LaTeX Font Info:    Overwriting symbol font `symbols' in version `bold'
(Font)                  OMS/ntxsy/m/n --> OMS/ntxsy/b/n on input line 222.
\symAMSm=\mathgroup5
LaTeX Font Info:    Overwriting symbol font `AMSm' in version `bold'
(Font)                  U/ntxsym/m/n --> U/ntxsym/b/n on input line 242.
\symsymbolsC=\mathgroup6
LaTeX Font Info:    Overwriting symbol font `symbolsC' in version `bold'
(Font)                  U/ntxsyc/m/n --> U/ntxsyc/b/n on input line 263.
LaTeX Font Info:    Redeclaring symbol font `largesymbols' on input line 276.
LaTeX Font Info:    Encoding `OMX' has changed to `LMX' for symbol font
(Font)              `largesymbols' in the math version `normal' on input line 2
76.
LaTeX Font Info:    Overwriting symbol font `largesymbols' in version `normal'
(Font)                  OMX/cmex/m/n --> LMX/ntxexx/m/n on input line 276.
LaTeX Font Info:    Encoding `OMX' has changed to `LMX' for symbol font
(Font)              `largesymbols' in the math version `bold' on input line 276
.
LaTeX Font Info:    Overwriting symbol font `largesymbols' in version `bold'
(Font)                  OMX/cmex/m/n --> LMX/ntxexx/m/n on input line 276.
LaTeX Font Info:    Overwriting symbol font `largesymbols' in version `bold'
(Font)                  LMX/ntxexx/m/n --> LMX/ntxexx/b/n on input line 277.
\symlargesymbolsTXA=\mathgroup7
LaTeX Font Info:    Overwriting symbol font `largesymbolsTXA' in version `bold'

(Font)                  U/ntxexa/m/n --> U/ntxexa/b/n on input line 291.
LaTeX Info: Redefining \not on input line 1749.
)
(/usr/local/texlive/2016/texmf-dist/tex/latex/natbib/natbib.sty
Package: natbib 2010/09/13 8.31b (PWD, AO)
\bibhang=\skip47
\bibsep=\skip48
LaTeX Info: Redefining \cite on input line 694.
\c@NAT@ctr=\count108
)
(/usr/local/texlive/2016/texmf-dist/tex/latex/graphics/graphicx.sty
Package: graphicx 2014/10/28 v1.0g Enhanced LaTeX Graphics (DPC,SPQR)

(/usr/local/texlive/2016/texmf-dist/tex/latex/graphics/graphics.sty
Package: graphics 2016/05/09 v1.0r Standard LaTeX Graphics (DPC,SPQR)

(/usr/local/texlive/2016/texmf-dist/tex/latex/graphics/trig.sty
Package: trig 2016/01/03 v1.10 sin cos tan (DPC)
)
(/usr/local/texlive/2016/texmf-dist/tex/latex/graphics-cfg/graphics.cfg
File: graphics.cfg 2016/01/02 v1.10 sample graphics configuration
)
Package graphics Info: Driver file: pdftex.def on input line 96.

(/usr/local/texlive/2016/texmf-dist/tex/latex/pdftex-def/pdftex.def
File: pdftex.def 2011/05/27 v0.06d Graphics/color for pdfTeX

(/usr/local/texlive/2016/texmf-dist/tex/generic/oberdiek/infwarerr.sty
Package: infwarerr 2016/05/16 v1.4 Providing info/warning/error messages (HO)
)
(/usr/local/texlive/2016/texmf-dist/tex/generic/oberdiek/ltxcmds.sty
Package: ltxcmds 2016/05/16 v1.23 LaTeX kernel commands for general use (HO)
)
\Gread@gobject=\count109
))
\Gin@req@height=\dimen135
\Gin@req@width=\dimen136
)
(/usr/local/texlive/2016/texmf-dist/tex/latex/graphics/epsfig.sty
Package: epsfig 1999/02/16 v1.7a (e)psfig emulation (SPQR)
\epsfxsize=\dimen137
\epsfysize=\dimen138
)
(/usr/local/texlive/2016/texmf-dist/tex/latex/cjk/texinput/CJK.sty
Package: CJK 2015/04/18 4.8.4

(/usr/local/texlive/2016/texmf-dist/tex/latex/cjk/texinput/mule/MULEenc.sty
Package: MULEenc 2015/04/18 4.8.4
)
(/usr/local/texlive/2016/texmf-dist/tex/latex/cjk/texinput/CJK.enc
File: CJK.enc 2015/04/18 4.8.4
)
LaTeX Info: Redefining \selectfont on input line 755.
\CJK@indent=\box30
)
(/usr/local/texlive/2016/texmf-dist/tex/latex/multirow/multirow.sty
\bigstrutjot=\dimen139
)
(/usr/local/texlive/2016/texmf-dist/tex/latex/subfigure/subfigure.sty
Package: subfigure 2002/03/15 v2.1.5 subfigure package
\subfigtopskip=\skip49
\subfigcapskip=\skip50
\subfigcaptopadj=\dimen140
\subfigbottomskip=\skip51
\subfigcapmargin=\dimen141
\subfiglabelskip=\skip52
\c@subfigure=\count110
\c@lofdepth=\count111
\c@subtable=\count112
\c@lotdepth=\count113

****************************************
* Local config file subfigure.cfg used *
****************************************
(/usr/local/texlive/2016/texmf-dist/tex/latex/subfigure/subfigure.cfg)
\subfig@top=\skip53
\subfig@bottom=\skip54
)
(./ComLetter.aux)
\openout1 = `ComLetter.aux'.

LaTeX Font Info:    Checking defaults for OML/ntxmi/m/it on input line 14.
LaTeX Font Info:    Try loading font information for OML+ntxmi on input line 14
.

(/usr/local/texlive/2016/texmf-dist/tex/latex/newtx/omlntxmi.fd
File: omlntxmi.fd 2015/08/25 Fontinst v1.933 font definitions for OML/ntxmi.
)
LaTeX Font Info:    ... okay on input line 14.
LaTeX Font Info:    Checking defaults for T1/cmr/m/n on input line 14.
LaTeX Font Info:    ... okay on input line 14.
LaTeX Font Info:    Checking defaults for OT1/cmr/m/n on input line 14.
LaTeX Font Info:    ... okay on input line 14.
LaTeX Font Info:    Checking defaults for OMS/ntxsy/m/n on input line 14.
LaTeX Font Info:    Try loading font information for OMS+ntxsy on input line 14
.

(/usr/local/texlive/2016/texmf-dist/tex/latex/newtx/omsntxsy.fd
File: omsntxsy.fd 2012/11/14 Fontinst v1.933 font definitions for OMS/ntxsy.
)
LaTeX Font Info:    ... okay on input line 14.
LaTeX Font Info:    Checking defaults for OMX/cmex/m/n on input line 14.
LaTeX Font Info:    ... okay on input line 14.
LaTeX Font Info:    Checking defaults for U/ntxexa/m/n on input line 14.
LaTeX Font Info:    Try loading font information for U+ntxexa on input line 14.


(/usr/local/texlive/2016/texmf-dist/tex/latex/newtx/untxexa.fd
File: untxexa.fd 2012/04/16 Fontinst v1.933 font definitions for U/ntxexa.
)
LaTeX Font Info:    ... okay on input line 14.
LaTeX Font Info:    Checking defaults for LMX/ntxexx/m/n on input line 14.
LaTeX Font Info:    ... okay on input line 14.
LaTeX Font Info:    Checking defaults for C00/song/m/n on input line 14.
LaTeX Font Info:    ... okay on input line 14.
LaTeX Font Info:    Checking defaults for C05/song/m/n on input line 14.
LaTeX Font Info:    ... okay on input line 14.
LaTeX Font Info:    Checking defaults for C09/song/m/n on input line 14.
LaTeX Font Info:    ... okay on input line 14.
LaTeX Font Info:    Checking defaults for C10/song/m/n on input line 14.
LaTeX Font Info:    ... okay on input line 14.
LaTeX Font Info:    Checking defaults for C20/song/m/n on input line 14.
LaTeX Font Info:    ... okay on input line 14.
LaTeX Font Info:    Checking defaults for C19/song/m/n on input line 14.
LaTeX Font Info:    ... okay on input line 14.
LaTeX Font Info:    Checking defaults for C40/song/m/n on input line 14.
LaTeX Font Info:    ... okay on input line 14.
LaTeX Font Info:    Checking defaults for C42/song/m/n on input line 14.
LaTeX Font Info:    ... okay on input line 14.
LaTeX Font Info:    Checking defaults for C43/song/m/n on input line 14.
LaTeX Font Info:    ... okay on input line 14.
LaTeX Font Info:    Checking defaults for C50/song/m/n on input line 14.
LaTeX Font Info:    ... okay on input line 14.
LaTeX Font Info:    Checking defaults for C52/song/m/n on input line 14.
LaTeX Font Info:    ... okay on input line 14.
LaTeX Font Info:    Checking defaults for C49/song/m/n on input line 14.
LaTeX Font Info:    ... okay on input line 14.
LaTeX Font Info:    Checking defaults for C60/mj/m/n on input line 14.
LaTeX Font Info:    ... okay on input line 14.
LaTeX Font Info:    Checking defaults for C61/mj/m/n on input line 14.
LaTeX Font Info:    ... okay on input line 14.
LaTeX Font Info:    Checking defaults for C63/mj/m/n on input line 14.
LaTeX Font Info:    ... okay on input line 14.
LaTeX Font Info:    Checking defaults for C64/mj/m/n on input line 14.
LaTeX Font Info:    ... okay on input line 14.
LaTeX Font Info:    Checking defaults for C65/mj/m/n on input line 14.
LaTeX Font Info:    ... okay on input line 14.
LaTeX Font Info:    Checking defaults for C70/song/m/n on input line 14.
LaTeX Font Info:    ... okay on input line 14.
LaTeX Font Info:    Checking defaults for C31/song/m/n on input line 14.
LaTeX Font Info:    ... okay on input line 14.
LaTeX Font Info:    Checking defaults for C32/song/m/n on input line 14.
LaTeX Font Info:    ... okay on input line 14.
LaTeX Font Info:    Checking defaults for C33/song/m/n on input line 14.
LaTeX Font Info:    ... okay on input line 14.
LaTeX Font Info:    Checking defaults for C34/song/m/n on input line 14.
LaTeX Font Info:    ... okay on input line 14.
LaTeX Font Info:    Checking defaults for C35/song/m/n on input line 14.
LaTeX Font Info:    ... okay on input line 14.
LaTeX Font Info:    Checking defaults for C36/song/m/n on input line 14.
LaTeX Font Info:    ... okay on input line 14.
LaTeX Font Info:    Checking defaults for C37/song/m/n on input line 14.
LaTeX Font Info:    ... okay on input line 14.
LaTeX Font Info:    Checking defaults for C80/song/m/n on input line 14.
LaTeX Font Info:    ... okay on input line 14.
LaTeX Font Info:    Checking defaults for C81/song/m/n on input line 14.
LaTeX Font Info:    ... okay on input line 14.
LaTeX Font Info:    Checking defaults for C01/song/m/n on input line 14.
LaTeX Font Info:    ... okay on input line 14.
LaTeX Font Info:    Checking defaults for C11/song/m/n on input line 14.
LaTeX Font Info:    ... okay on input line 14.
LaTeX Font Info:    Checking defaults for C21/song/m/n on input line 14.
LaTeX Font Info:    ... okay on input line 14.
LaTeX Font Info:    Checking defaults for C41/song/m/n on input line 14.
LaTeX Font Info:    ... okay on input line 14.
LaTeX Font Info:    Checking defaults for C62/song/m/n on input line 14.
LaTeX Font Info:    ... okay on input line 14.

-- Verifying Times compatible math font.
-- newtxmath loaded, OK.
LaTeX Font Info:    Font shape `T1/ptm/bx/n' in size <5> not available
(Font)              Font shape `T1/ptm/b/n' tried instead on input line 14.
LaTeX Font Info:    Font shape `T1/ptm/bx/it' in size <5> not available
(Font)              Font shape `T1/ptm/b/it' tried instead on input line 14.
LaTeX Font Info:    Font shape `T1/ptm/bx/n' in size <7> not available
(Font)              Font shape `T1/ptm/b/n' tried instead on input line 14.
LaTeX Font Info:    Font shape `T1/ptm/bx/it' in size <7> not available
(Font)              Font shape `T1/ptm/b/it' tried instead on input line 14.
LaTeX Font Info:    Font shape `T1/ptm/bx/n' in size <8> not available
(Font)              Font shape `T1/ptm/b/n' tried instead on input line 14.
LaTeX Font Info:    Font shape `T1/ptm/bx/it' in size <8> not available
(Font)              Font shape `T1/ptm/b/it' tried instead on input line 14.
LaTeX Font Info:    Font shape `T1/ptm/bx/n' in size <9> not available
(Font)              Font shape `T1/ptm/b/n' tried instead on input line 14.
LaTeX Font Info:    Font shape `T1/ptm/bx/it' in size <9> not available
(Font)              Font shape `T1/ptm/b/it' tried instead on input line 14.
LaTeX Font Info:    Font shape `T1/ptm/bx/n' in size <10> not available
(Font)              Font shape `T1/ptm/b/n' tried instead on input line 14.
LaTeX Font Info:    Font shape `T1/ptm/bx/it' in size <10> not available
(Font)              Font shape `T1/ptm/b/it' tried instead on input line 14.
LaTeX Font Info:    Font shape `T1/ptm/bx/n' in size <11> not available
(Font)              Font shape `T1/ptm/b/n' tried instead on input line 14.
LaTeX Font Info:    Font shape `T1/ptm/bx/it' in size <11> not available
(Font)              Font shape `T1/ptm/b/it' tried instead on input line 14.
LaTeX Font Info:    Font shape `T1/ptm/bx/n' in size <12> not available
(Font)              Font shape `T1/ptm/b/n' tried instead on input line 14.
LaTeX Font Info:    Font shape `T1/ptm/bx/it' in size <12> not available
(Font)              Font shape `T1/ptm/b/it' tried instead on input line 14.
LaTeX Font Info:    Font shape `T1/ptm/bx/n' in size <17> not available
(Font)              Font shape `T1/ptm/b/n' tried instead on input line 14.
LaTeX Font Info:    Font shape `T1/ptm/bx/it' in size <17> not available
(Font)              Font shape `T1/ptm/b/it' tried instead on input line 14.
LaTeX Font Info:    Font shape `T1/ptm/bx/n' in size <20> not available
(Font)              Font shape `T1/ptm/b/n' tried instead on input line 14.
LaTeX Font Info:    Font shape `T1/ptm/bx/it' in size <20> not available
(Font)              Font shape `T1/ptm/b/it' tried instead on input line 14.
LaTeX Font Info:    Font shape `T1/ptm/bx/n' in size <24> not available
(Font)              Font shape `T1/ptm/b/n' tried instead on input line 14.
LaTeX Font Info:    Font shape `T1/ptm/bx/it' in size <24> not available
(Font)              Font shape `T1/ptm/b/it' tried instead on input line 14.
-- Lines per column: 58 (exact).
(/usr/local/texlive/2016/texmf-dist/tex/context/base/mkii/supp-pdf.mkii
[Loading MPS to PDF converter (version 2006.09.02).]
\scratchcounter=\count114
\scratchdimen=\dimen142
\scratchbox=\box31
\nofMPsegments=\count115
\nofMParguments=\count116
\everyMPshowfont=\toks22
\MPscratchCnt=\count117
\MPscratchDim=\dimen143
\MPnumerator=\count118
\makeMPintoPDFobject=\count119
\everyMPtoPDFconversion=\toks23
) (/usr/local/texlive/2016/texmf-dist/tex/generic/oberdiek/pdftexcmds.sty
Package: pdftexcmds 2016/05/10 v0.21 Utility functions of pdfTeX for LuaTeX (HO
)

(/usr/local/texlive/2016/texmf-dist/tex/generic/oberdiek/ifpdf.sty
Package: ifpdf 2016/05/14 v3.1 Provides the ifpdf switch
)
Package pdftexcmds Info: LuaTeX not detected.
Package pdftexcmds Info: \pdf@primitive is available.
Package pdftexcmds Info: \pdf@ifprimitive is available.
Package pdftexcmds Info: \pdfdraftmode found.
)
(/usr/local/texlive/2016/texmf-dist/tex/latex/oberdiek/epstopdf-base.sty
Package: epstopdf-base 2016/05/15 v2.6 Base part for package epstopdf

(/usr/local/texlive/2016/texmf-dist/tex/latex/oberdiek/grfext.sty
Package: grfext 2016/05/16 v1.2 Manage graphics extensions (HO)

(/usr/local/texlive/2016/texmf-dist/tex/generic/oberdiek/kvdefinekeys.sty
Package: kvdefinekeys 2016/05/16 v1.4 Define keys (HO)
))
(/usr/local/texlive/2016/texmf-dist/tex/latex/oberdiek/kvoptions.sty
Package: kvoptions 2016/05/16 v3.12 Key value format for package options (HO)

(/usr/local/texlive/2016/texmf-dist/tex/generic/oberdiek/kvsetkeys.sty
Package: kvsetkeys 2016/05/16 v1.17 Key value parser (HO)

(/usr/local/texlive/2016/texmf-dist/tex/generic/oberdiek/etexcmds.sty
Package: etexcmds 2016/05/16 v1.6 Avoid name clashes with e-TeX commands (HO)
Package etexcmds Info: Could not find \expanded.
(etexcmds)             That can mean that you are not using pdfTeX 1.50 or
(etexcmds)             that some package has redefined \expanded.
(etexcmds)             In the latter case, load this package earlier.
)))
Package grfext Info: Graphics extension search list:
(grfext)             [.png,.pdf,.jpg,.mps,.jpeg,.jbig2,.jb2,.PNG,.PDF,.JPG,.JPE
G,.JBIG2,.JB2,.eps]
(grfext)             \AppendGraphicsExtensions on input line 456.

(/usr/local/texlive/2016/texmf-dist/tex/latex/latexconfig/epstopdf-sys.cfg
File: epstopdf-sys.cfg 2010/07/13 v1.3 Configuration of (r)epstopdf for TeX Liv
e
))
Package epstopdf Info: Source file: <building.eps>
(epstopdf)                    date: 2017-03-31 11:32:04
(epstopdf)                    size: 287799 bytes
(epstopdf)             Output file: <building-eps-converted-to.pdf>
(epstopdf)                    date: 2017-03-31 11:35:10
(epstopdf)                    size: 50728 bytes
(epstopdf)             Command: <repstopdf --outfile=building-eps-converted-to.
pdf building.eps>
(epstopdf)             \includegraphics on input line 58.
Package epstopdf Info: Output file is already uptodate.

<building-eps-converted-to.pdf, id=1, 263.98625pt x 201.75375pt>
File: building-eps-converted-to.pdf Graphic file (type pdf)

<use building-eps-converted-to.pdf>
Package pdftex.def Info: building-eps-converted-to.pdf used on input line 58.
(pdftex.def)             Requested size: 170.71652pt x 130.47034pt.
LaTeX Font Info:    Try loading font information for OT1+ntxtlf on input line 6
3.

(/usr/local/texlive/2016/texmf-dist/tex/latex/newtx/ot1ntxtlf.fd
File: ot1ntxtlf.fd 2015/01/17 v1.0 font definition file for OT1/ntx/tlf
)
LaTeX Font Info:    Try loading font information for U+ntxmia on input line 63.


(/usr/local/texlive/2016/texmf-dist/tex/latex/newtx/untxmia.fd
File: untxmia.fd 2012/04/16 Fontinst v1.933 font definitions for U/ntxmia.
)
LaTeX Font Info:    Try loading font information for U+ntxsym on input line 63.


(/usr/local/texlive/2016/texmf-dist/tex/latex/newtx/untxsym.fd
File: untxsym.fd 2015/03/20 Fontinst v1.933 font definitions for U/ntxsym.
)
LaTeX Font Info:    Try loading font information for U+ntxsyc on input line 63.


(/usr/local/texlive/2016/texmf-dist/tex/latex/newtx/untxsyc.fd
File: untxsyc.fd 2012/04/12 Fontinst v1.933 font definitions for U/ntxsyc.
) [1{/usr/local/texlive/2016/texmf-var/fonts/map/pdftex/updmap/pdftex.map}


]
<ShadowFieldDeCorr20.jpg, id=11, 817.0525pt x 587.19376pt>
File: ShadowFieldDeCorr20.jpg Graphic file (type jpg)

<use ShadowFieldDeCorr20.jpg>
Package pdftex.def Info: ShadowFieldDeCorr20.jpg used on input line 100.
(pdftex.def)             Requested size: 256.0748pt x 184.03519pt.

Overfull \hbox (4.0748pt too wide) in paragraph at lines 100--101
 [][] 
 []

[2 <./building-eps-converted-to.pdf>]
Package epstopdf Info: Source file: <systemLayout.eps>
(epstopdf)                    date: 2017-03-31 12:20:08
(epstopdf)                    size: 19878 bytes
(epstopdf)             Output file: <systemLayout-eps-converted-to.pdf>
(epstopdf)                    date: 2017-03-31 12:22:00
(epstopdf)                    size: 7703 bytes
(epstopdf)             Command: <repstopdf --outfile=systemLayout-eps-converted
-to.pdf systemLayout.eps>
(epstopdf)             \includegraphics on input line 116.
Package epstopdf Info: Output file is already uptodate.

<systemLayout-eps-converted-to.pdf, id=30, 1215.54124pt x 445.665pt>
File: systemLayout-eps-converted-to.pdf Graphic file (type pdf)

<use systemLayout-eps-converted-to.pdf>
Package pdftex.def Info: systemLayout-eps-converted-to.pdf used on input line 1
16.
(pdftex.def)             Requested size: 256.0748pt x 93.88481pt.

Overfull \hbox (4.0748pt too wide) in paragraph at lines 116--117
 [][] 
 []

Package epstopdf Info: Source file: <outageArea.eps>
(epstopdf)                    date: 2017-03-31 12:20:52
(epstopdf)                    size: 664515 bytes
(epstopdf)             Output file: <outageArea-eps-converted-to.pdf>
(epstopdf)                    date: 2017-03-31 12:22:01
(epstopdf)                    size: 201324 bytes
(epstopdf)             Command: <repstopdf --outfile=outageArea-eps-converted-t
o.pdf outageArea.eps>
(epstopdf)             \includegraphics on input line 140.
Package epstopdf Info: Output file is already uptodate.
<outageArea-eps-converted-to.pdf, id=31, 915.42pt x 368.37625pt>
File: outageArea-eps-converted-to.pdf Graphic file (type pdf)

<use outageArea-eps-converted-to.pdf>
Package pdftex.def Info: outageArea-eps-converted-to.pdf used on input line 140
.
(pdftex.def)             Requested size: 256.0748pt x 103.04346pt.

Overfull \hbox (4.0748pt too wide) in paragraph at lines 140--141
 [][] 
 []

Package epstopdf Info: Source file: <GridVSRandom.eps>
(epstopdf)                    date: 2017-03-30 10:39:15
(epstopdf)                    size: 342337 bytes
(epstopdf)             Output file: <GridVSRandom-eps-converted-to.pdf>
(epstopdf)                    date: 2017-03-31 15:58:52
(epstopdf)                    size: 63482 bytes
(epstopdf)             Command: <repstopdf --outfile=GridVSRandom-eps-converted
-to.pdf GridVSRandom.eps>
(epstopdf)             \includegraphics on input line 162.
Package epstopdf Info: Output file is already uptodate.
<GridVSRandom-eps-converted-to.pdf, id=32, 1284.8pt x 700.6175pt>
File: GridVSRandom-eps-converted-to.pdf Graphic file (type pdf)

<use GridVSRandom-eps-converted-to.pdf>
Package pdftex.def Info: GridVSRandom-eps-converted-to.pdf used on input line 1
62.
(pdftex.def)             Requested size: 170.71652pt x 93.09329pt.
Package epstopdf Info: Source file: <OutageProbGridVSRandom.eps>
(epstopdf)                    date: 2017-03-30 10:37:16
(epstopdf)                    size: 15054 bytes
(epstopdf)             Output file: <OutageProbGridVSRandom-eps-converted-to.pd
f>
(epstopdf)                    date: 2017-03-31 15:58:53
(epstopdf)                    size: 9230 bytes
(epstopdf)             Command: <repstopdf --outfile=OutageProbGridVSRandom-eps
-converted-to.pdf OutageProbGridVSRandom.eps>
(epstopdf)             \includegraphics on input line 168.
Package epstopdf Info: Output file is already uptodate.

<OutageProbGridVSRandom-eps-converted-to.pdf, id=33, 562.1pt x 421.575pt>
File: OutageProbGridVSRandom-eps-converted-to.pdf Graphic file (type pdf)

<use OutageProbGridVSRandom-eps-converted-to.pdf>
Package pdftex.def Info: OutageProbGridVSRandom-eps-converted-to.pdf used on in
put line 168.
(pdftex.def)             Requested size: 170.71652pt x 128.03662pt.
 [3 <./ShadowFieldDeCorr20.jpg> <./systemLayout-eps-converted-to.pdf> <./outage
Area-eps-converted-to.pdf>]
Package epstopdf Info: Source file: <NBMax1000OutageProbCDFiid.eps>
(epstopdf)                    date: 2017-04-06 16:21:35
(epstopdf)                    size: 421568 bytes
(epstopdf)             Output file: <NBMax1000OutageProbCDFiid-eps-converted-to
.pdf>
(epstopdf)                    date: 2017-04-06 16:22:03
(epstopdf)                    size: 86858 bytes
(epstopdf)             Command: <repstopdf --outfile=NBMax1000OutageProbCDFiid-
eps-converted-to.pdf NBMax1000OutageProbCDFiid.eps>
(epstopdf)             \includegraphics on input line 238.
Package epstopdf Info: Output file is already uptodate.

<NBMax1000OutageProbCDFiid-eps-converted-to.pdf, id=58, 898.35625pt x 594.22pt>
File: NBMax1000OutageProbCDFiid-eps-converted-to.pdf Graphic file (type pdf)
<use NBMax1000OutageProbCDFiid-eps-converted-to.pdf>
Package pdftex.def Info: NBMax1000OutageProbCDFiid-eps-converted-to.pdf used on
 input line 238.
(pdftex.def)             Requested size: 156.49014pt x 103.50949pt.
Package epstopdf Info: Source file: <NBMax1000OutageProbCDFDeCorr20.eps>
(epstopdf)                    date: 2017-04-06 16:12:28
(epstopdf)                    size: 410607 bytes
(epstopdf)             Output file: <NBMax1000OutageProbCDFDeCorr20-eps-convert
ed-to.pdf>
(epstopdf)                    date: 2017-04-06 16:12:31
(epstopdf)                    size: 77052 bytes
(epstopdf)             Command: <repstopdf --outfile=NBMax1000OutageProbCDFDeCo
rr20-eps-converted-to.pdf NBMax1000OutageProbCDFDeCorr20.eps>
(epstopdf)             \includegraphics on input line 242.
Package epstopdf Info: Output file is already uptodate.

<NBMax1000OutageProbCDFDeCorr20-eps-converted-to.pdf, id=59, 898.35625pt x 594.
22pt>
File: NBMax1000OutageProbCDFDeCorr20-eps-converted-to.pdf Graphic file (type pd
f)
 <use NBMax1000OutageProbCDFDeCorr20-eps-converted-to.pdf>
Package pdftex.def Info: NBMax1000OutageProbCDFDeCorr20-eps-converted-to.pdf us
ed on input line 242.
(pdftex.def)             Requested size: 156.49014pt x 103.50949pt.
Package epstopdf Info: Source file: <NBMax1000OutageProbCDFDeCorr200.eps>
(epstopdf)                    date: 2017-04-06 16:27:19
(epstopdf)                    size: 414026 bytes
(epstopdf)             Output file: <NBMax1000OutageProbCDFDeCorr200-eps-conver
ted-to.pdf>
(epstopdf)                    date: 2017-04-04 14:58:14
(epstopdf)                    size: 107758 bytes
(epstopdf)             Command: <repstopdf --outfile=NBMax1000OutageProbCDFDeCo
rr200-eps-converted-to.pdf NBMax1000OutageProbCDFDeCorr200.eps>
(epstopdf)             \includegraphics on input line 246.
runsystem(repstopdf --outfile=NBMax1000OutageProbCDFDeCorr200-eps-converted-to.
pdf NBMax1000OutageProbCDFDeCorr200.eps)...executed safely (allowed).

Package epstopdf Info: Result file: <NBMax1000OutageProbCDFDeCorr200-eps-conver
ted-to.pdf>
(epstopdf)                    date: 2017-04-06 16:27:21
(epstopdf)                    size: 79895 bytes.

<NBMax1000OutageProbCDFDeCorr200-eps-converted-to.pdf, id=60, 898.35625pt x 594
.22pt>
File: NBMax1000OutageProbCDFDeCorr200-eps-converted-to.pdf Graphic file (type p
df)
 <use NBMax1000OutageProbCDFDeCorr200-eps-converted-to.pdf>
Package pdftex.def Info: NBMax1000OutageProbCDFDeCorr200-eps-converted-to.pdf u
sed on input line 246.
(pdftex.def)             Requested size: 156.49014pt x 103.50949pt.
Package epstopdf Info: Source file: <MaxMax1000OutageProbCDFiid.eps>
(epstopdf)                    date: 2017-04-06 16:19:04
(epstopdf)                    size: 1281466 bytes
(epstopdf)             Output file: <MaxMax1000OutageProbCDFiid-eps-converted-t
o.pdf>
(epstopdf)                    date: 2017-04-06 16:19:06
(epstopdf)                    size: 108315 bytes
(epstopdf)             Command: <repstopdf --outfile=MaxMax1000OutageProbCDFiid
-eps-converted-to.pdf MaxMax1000OutageProbCDFiid.eps>
(epstopdf)             \includegraphics on input line 254.
Package epstopdf Info: Output file is already uptodate.

<MaxMax1000OutageProbCDFiid-eps-converted-to.pdf, id=61, 898.35625pt x 593.2162
5pt>
File: MaxMax1000OutageProbCDFiid-eps-converted-to.pdf Graphic file (type pdf)
 <use MaxMax1000OutageProbCDFiid-eps-converted-to.pdf>
Package pdftex.def Info: MaxMax1000OutageProbCDFiid-eps-converted-to.pdf used o
n input line 254.
(pdftex.def)             Requested size: 156.49014pt x 103.33466pt.
Package epstopdf Info: Source file: <MaxMax1000OutageProbCDFDeCorr20.eps>
(epstopdf)                    date: 2017-04-06 15:56:42
(epstopdf)                    size: 319686 bytes
(epstopdf)             Output file: <MaxMax1000OutageProbCDFDeCorr20-eps-conver
ted-to.pdf>
(epstopdf)                    date: 2017-04-06 15:56:46
(epstopdf)                    size: 57517 bytes
(epstopdf)             Command: <repstopdf --outfile=MaxMax1000OutageProbCDFDeC
orr20-eps-converted-to.pdf MaxMax1000OutageProbCDFDeCorr20.eps>
(epstopdf)             \includegraphics on input line 258.
Package epstopdf Info: Output file is already uptodate.

<MaxMax1000OutageProbCDFDeCorr20-eps-converted-to.pdf, id=62, 900.36375pt x 594
.22pt>
File: MaxMax1000OutageProbCDFDeCorr20-eps-converted-to.pdf Graphic file (type p
df)
 <use MaxMax1000OutageProbCDFDeCorr20-eps-converted-to.pdf>
Package pdftex.def Info: MaxMax1000OutageProbCDFDeCorr20-eps-converted-to.pdf u
sed on input line 258.
(pdftex.def)             Requested size: 156.49014pt x 103.27376pt.
Package epstopdf Info: Source file: <MaxMax1000OutageProbCDFDeCorr200.eps>
(epstopdf)                    date: 2017-04-06 15:48:09
(epstopdf)                    size: 327724 bytes
(epstopdf)             Output file: <MaxMax1000OutageProbCDFDeCorr200-eps-conve
rted-to.pdf>
(epstopdf)                    date: 2017-04-06 15:52:45
(epstopdf)                    size: 60005 bytes
(epstopdf)             Command: <repstopdf --outfile=MaxMax1000OutageProbCDFDeC
orr200-eps-converted-to.pdf MaxMax1000OutageProbCDFDeCorr200.eps>
(epstopdf)             \includegraphics on input line 262.
Package epstopdf Info: Output file is already uptodate.

<MaxMax1000OutageProbCDFDeCorr200-eps-converted-to.pdf, id=63, 901.3675pt x 594
.22pt>
File: MaxMax1000OutageProbCDFDeCorr200-eps-converted-to.pdf Graphic file (type 
pdf)
 <use MaxMax1000OutageProbCDFDeCorr200-eps-converted-to.pdf>
Package pdftex.def Info: MaxMax1000OutageProbCDFDeCorr200-eps-converted-to.pdf 
used on input line 262.
(pdftex.def)             Requested size: 156.49014pt x 103.16495pt.
 [4 <./GridVSRandom-eps-converted-to.pdf> <./OutageProbGridVSRandom-eps-convert
ed-to.pdf>]
Package epstopdf Info: Source file: <NBMax1000OutageProbThresh-5iid.eps>
(epstopdf)                    date: 2017-04-04 14:15:19
(epstopdf)                    size: 24987 bytes
(epstopdf)             Output file: <NBMax1000OutageProbThresh-5iid-eps-convert
ed-to.pdf>
(epstopdf)                    date: 2017-04-04 15:07:14
(epstopdf)                    size: 10448 bytes
(epstopdf)             Command: <repstopdf --outfile=NBMax1000OutageProbThresh-
5iid-eps-converted-to.pdf NBMax1000OutageProbThresh-5iid.eps>
(epstopdf)             \includegraphics on input line 299.
Package epstopdf Info: Output file is already uptodate.

<NBMax1000OutageProbThresh-5iid-eps-converted-to.pdf, id=89, 562.1pt x 421.575p
t>
File: NBMax1000OutageProbThresh-5iid-eps-converted-to.pdf Graphic file (type pd
f)
 <use NBMax1000OutageProbThresh-5iid-eps-converted-to.pdf>
Package pdftex.def Info: NBMax1000OutageProbThresh-5iid-eps-converted-to.pdf us
ed on input line 299.
(pdftex.def)             Requested size: 170.71652pt x 128.03662pt.
Package epstopdf Info: Source file: <MaxMax1000OutageProbThresh-5iid.eps>
(epstopdf)                    date: 2017-04-04 14:20:40
(epstopdf)                    size: 24404 bytes
(epstopdf)             Output file: <MaxMax1000OutageProbThresh-5iid-eps-conver
ted-to.pdf>
(epstopdf)                    date: 2017-04-04 15:16:39
(epstopdf)                    size: 10295 bytes
(epstopdf)             Command: <repstopdf --outfile=MaxMax1000OutageProbThresh
-5iid-eps-converted-to.pdf MaxMax1000OutageProbThresh-5iid.eps>
(epstopdf)             \includegraphics on input line 305.
Package epstopdf Info: Output file is already uptodate.

<MaxMax1000OutageProbThresh-5iid-eps-converted-to.pdf, id=90, 562.1pt x 421.575
pt>
File: MaxMax1000OutageProbThresh-5iid-eps-converted-to.pdf Graphic file (type p
df)
 <use MaxMax1000OutageProbThresh-5iid-eps-converted-to.pdf>
Package pdftex.def Info: MaxMax1000OutageProbThresh-5iid-eps-converted-to.pdf u
sed on input line 305.
(pdftex.def)             Requested size: 170.71652pt x 128.03662pt.
Package epstopdf Info: Source file: <ODthresh-5iidNB.eps>
(epstopdf)                    date: 2017-04-06 14:29:21
(epstopdf)                    size: 99206 bytes
(epstopdf)             Output file: <ODthresh-5iidNB-eps-converted-to.pdf>
(epstopdf)                    date: 2017-04-06 14:32:01
(epstopdf)                    size: 9868 bytes
(epstopdf)             Command: <repstopdf --outfile=ODthresh-5iidNB-eps-conver
ted-to.pdf ODthresh-5iidNB.eps>
(epstopdf)             \includegraphics on input line 313.
Package epstopdf Info: Output file is already uptodate.

<ODthresh-5iidNB-eps-converted-to.pdf, id=91, 661.47125pt x 595.22375pt>
File: ODthresh-5iidNB-eps-converted-to.pdf Graphic file (type pdf)

<use ODthresh-5iidNB-eps-converted-to.pdf>
Package pdftex.def Info: ODthresh-5iidNB-eps-converted-to.pdf used on input lin
e 313.
(pdftex.def)             Requested size: 99.58464pt x 89.60667pt.
Package epstopdf Info: Source file: <ODthresh-5iidMax.eps>
(epstopdf)                    date: 2017-04-06 14:30:10
(epstopdf)                    size: 98496 bytes
(epstopdf)             Output file: <ODthresh-5iidMax-eps-converted-to.pdf>
(epstopdf)                    date: 2017-04-06 14:38:13
(epstopdf)                    size: 9608 bytes
(epstopdf)             Command: <repstopdf --outfile=ODthresh-5iidMax-eps-conve
rted-to.pdf ODthresh-5iidMax.eps>
(epstopdf)             \includegraphics on input line 317.
Package epstopdf Info: Output file is already uptodate.

<ODthresh-5iidMax-eps-converted-to.pdf, id=92, 660.4675pt x 595.22375pt>
File: ODthresh-5iidMax-eps-converted-to.pdf Graphic file (type pdf)

<use ODthresh-5iidMax-eps-converted-to.pdf>
Package pdftex.def Info: ODthresh-5iidMax-eps-converted-to.pdf used on input li
ne 317.
(pdftex.def)             Requested size: 99.58464pt x 89.7429pt.
Package epstopdf Info: Source file: <ODthresh-5DeCorr200NB.eps>
(epstopdf)                    date: 2017-04-06 15:37:50
(epstopdf)                    size: 156581 bytes
(epstopdf)             Output file: <ODthresh-5DeCorr200NB-eps-converted-to.pdf
>
(epstopdf)                    date: 2017-04-06 15:37:54
(epstopdf)                    size: 21944 bytes
(epstopdf)             Command: <repstopdf --outfile=ODthresh-5DeCorr200NB-eps-
converted-to.pdf ODthresh-5DeCorr200NB.eps>
(epstopdf)             \includegraphics on input line 321.
Package epstopdf Info: Output file is already uptodate.

<ODthresh-5DeCorr200NB-eps-converted-to.pdf, id=93, 659.46375pt x 595.22375pt>
File: ODthresh-5DeCorr200NB-eps-converted-to.pdf Graphic file (type pdf)

<use ODthresh-5DeCorr200NB-eps-converted-to.pdf>
Package pdftex.def Info: ODthresh-5DeCorr200NB-eps-converted-to.pdf used on inp
ut line 321.
(pdftex.def)             Requested size: 99.58464pt x 89.87914pt.
Package epstopdf Info: Source file: <ODthresh-5DeCorr200Max.eps>
(epstopdf)                    date: 2017-04-06 15:36:46
(epstopdf)                    size: 154529 bytes
(epstopdf)             Output file: <ODthresh-5DeCorr200Max-eps-converted-to.pd
f>
(epstopdf)                    date: 2017-04-06 15:36:48
(epstopdf)                    size: 21493 bytes
(epstopdf)             Command: <repstopdf --outfile=ODthresh-5DeCorr200Max-eps
-converted-to.pdf ODthresh-5DeCorr200Max.eps>
(epstopdf)             \includegraphics on input line 325.
Package epstopdf Info: Output file is already uptodate.

<ODthresh-5DeCorr200Max-eps-converted-to.pdf, id=94, 662.475pt x 594.22pt>
File: ODthresh-5DeCorr200Max-eps-converted-to.pdf Graphic file (type pdf)

<use ODthresh-5DeCorr200Max-eps-converted-to.pdf>
Package pdftex.def Info: ODthresh-5DeCorr200Max-eps-converted-to.pdf used on in
put line 325.
(pdftex.def)             Requested size: 99.58464pt x 89.31955pt.
 [5 <./NBMax1000OutageProbCDFiid-eps-converted-to.pdf> <./NBMax1000OutageProbCD
FDeCorr20-eps-converted-to.pdf> <./NBMax1000OutageProbCDFDeCorr200-eps-converte
d-to.pdf> <./MaxMax1000OutageProbCDFiid-eps-converted-to.pdf> <./MaxMax1000Outa
geProbCDFDeCorr20-eps-converted-to.pdf> <./MaxMax1000OutageProbCDFDeCorr200-eps
-converted-to.pdf> <./NBMax1000OutageProbThresh-5iid-eps-converted-to.pdf> <./M
axMax1000OutageProbThresh-5iid-eps-converted-to.pdf>] (./ComLetter.bbl [6 <./OD
thresh-5iidNB-eps-converted-to.pdf> <./ODthresh-5iidMax-eps-converted-to.pdf> <
./ODthresh-5DeCorr200NB-eps-converted-to.pdf> <./ODthresh-5DeCorr200Max-eps-con
verted-to.pdf>]) [7]
(./ComLetter.aux) ) 
Here is how much of TeX's memory you used:
 6113 strings out of 493014
 84703 string characters out of 6133351
 156197 words of memory out of 5000000
 9472 multiletter control sequences out of 15000+600000
 153552 words of font info for 206 fonts, out of 8000000 for 9000
 1141 hyphenation exceptions out of 8191
 38i,16n,36p,2091b,311s stack positions out of 5000i,500n,10000p,200000b,80000s
{/usr/local/texlive/2016/texmf-dist/fonts/enc/dvips/newtx/nt
x-ot1-tlf.enc}{/usr/local/texlive/2016/texmf-dist/fonts/enc/dvips/base/8r.enc}<
/usr/local/texlive/2016/texmf-dist/fonts/type1/public/newtx/ntxexb.pfb></usr/lo
cal/texlive/2016/texmf-dist/fonts/type1/public/tex-gyre/qtmb.pfb></usr/local/te
xlive/2016/texmf-dist/fonts/type1/public/tex-gyre/qtmr.pfb></usr/local/texlive/
2016/texmf-dist/fonts/type1/public/newtx/rntxmi.pfb></usr/local/texlive/2016/te
xmf-dist/fonts/type1/public/newtx/rntxmi5.pfb></usr/local/texlive/2016/texmf-di
st/fonts/type1/public/newtx/rntxmi7.pfb></usr/local/texlive/2016/texmf-dist/fon
ts/type1/public/txfonts/rtxmi.pfb></usr/local/texlive/2016/texmf-dist/fonts/typ
e1/public/newtx/rtxmi5.pfb></usr/local/texlive/2016/texmf-dist/fonts/type1/publ
ic/newtx/rtxmi7.pfb></usr/local/texlive/2016/texmf-dist/fonts/type1/public/txfo
nts/rtxr.pfb></usr/local/texlive/2016/texmf-dist/fonts/type1/public/newtx/txex-
bar.pfb></usr/local/texlive/2016/texmf-dist/fonts/type1/public/txfonts/txex.pfb
></usr/local/texlive/2016/texmf-dist/fonts/type1/public/txfonts/txsy.pfb></usr/
local/texlive/2016/texmf-dist/fonts/type1/public/txfonts/txsya.pfb></usr/local/
texlive/2016/texmf-dist/fonts/type1/urw/times/utmb8a.pfb></usr/local/texlive/20
16/texmf-dist/fonts/type1/urw/times/utmbi8a.pfb></usr/local/texlive/2016/texmf-
dist/fonts/type1/urw/times/utmr8a.pfb></usr/local/texlive/2016/texmf-dist/fonts
/type1/urw/times/utmri8a.pfb>
Output written on ComLetter.pdf (7 pages, 1092670 bytes).
PDF statistics:
 303 PDF objects out of 1000 (max. 8388607)
 207 compressed objects within 3 object streams
 0 named destinations out of 1000 (max. 500000)
 91 words of extra memory for PDF output out of 10000 (max. 10000000)

